2026-01-29 15:29:25 Starting map.json update process (Read-Only Filesystem Mode)...
2026-01-29 15:29:26 Detected .md file changes in work tree:
2026-01-29 15:29:26   M README.md
2026-01-29 15:29:26   M universi/telaranrhiod.md
2026-01-29 15:29:26   ?? CHANGELOG_IMPLEMENTATION.md
2026-01-29 15:29:26   ?? CHANGELOG_QUICK_START.md
2026-01-29 15:29:26   ?? bash/CHANGELOG_EXAMPLES.md
2026-01-29 15:29:26   ?? bash/CHANGELOG_SYSTEM.md
2026-01-29 15:29:26 Loaded existing map.json
2026-01-29 15:29:26 First pass: Scanning filesystem...
2026-01-29 15:29:27 New file found: 'CHANGELOG_IMPLEMENTATION.md' -> 'Changelog_implementation'
2026-01-29 15:29:27 New file found: 'CHANGELOG_QUICK_START.md' -> 'Changelog_quick_start'
2026-01-29 15:29:31 Found 2 new file(s) and 0 new directory(ies)
2026-01-29 15:29:31 Opening editor for customization...
2026-01-29 15:29:56 Applying customized names...
2026-01-29 15:29:58 Second pass: Rebuilding map with custom names...
2026-01-29 15:29:58 New file found: 'CHANGELOG_IMPLEMENTATION.md' -> 'Changelog_implementation'
2026-01-29 15:29:58 New file found: 'CHANGELOG_QUICK_START.md' -> 'Changelog_quick_start'
2026-01-29 15:30:03 Map updated at /mnt/c/Users/RickyMandich/PROJECT/Phandalverse/phandalverseVault/.normalize/map.json
2026-01-29 15:30:03 Map update complete. No files were renamed.
