2026-01-07 14:57:49 Starting normalization process (Recursive Tree Mode)...
2026-01-07 14:57:49 Autofixed Case: 'Fyrbrand.md' -> 'fyrbrand.md'
2026-01-07 14:57:49 Renamed: 'il Portale.md' -> 'il-portale.md'
2026-01-07 14:57:49 Renamed: 'la bussola.md' -> 'la-bussola.md'
2026-01-07 14:57:49 Renamed: 'la chiave.md' -> 'la-chiave.md'
mv: cannot move './artefatti' to a subdirectory of itself, './artefatti/artefatti'
2026-01-07 14:57:49 Dir 'artefatti' is ok (or case fixed).
2026-01-07 14:57:49 File 'calendario.md' is ok
2026-01-07 14:57:49 File 'universo.md' is ok
2026-01-07 14:57:49 File 'villaggio.md' is ok
mv: cannot move './definizioni' to a subdirectory of itself, './definizioni/definizioni'
2026-01-07 14:57:49 Dir 'definizioni' is ok (or case fixed).
2026-01-07 14:57:49 Renamed: 'dungeon con fossato 1.ds' -> 'dungeon-con-fossato-1.ds'
2026-01-07 14:57:49 Renamed: 'profondo blu dungeon finale.ds' -> 'profondo-blu-dungeon-finale.ds'
2026-01-07 14:57:49 Renamed Dir: 'dungeon scrawl' -> 'dungeon-scrawl'
2026-01-07 14:57:50 Renamed: 'arena all'aperto.jpg' -> 'arena-allaperto.jpg'
2026-01-07 14:57:50 Renamed: 'dungeon con fossato 1.png' -> 'dungeon-con-fossato-1.png'
2026-01-07 14:57:50 Renamed: 'profondo blu dungeon finale.png' -> 'profondo-blu-dungeon-finale.png'
mv: cannot move './dungeon/immagini' to a subdirectory of itself, './dungeon/immagini/immagini'
2026-01-07 14:57:50 Dir 'immagini' is ok (or case fixed).
2026-01-07 14:57:50 Renamed: 'dungeon goblin (boss e minion).json' -> 'dungeon-goblin-boss-e-minion.json'
2026-01-07 14:57:50 Renamed Dir: 'incontri 5e tools encounter builder' -> 'incontri-5e-tools-encounter-builder'
mv: cannot move './dungeon' to a subdirectory of itself, './dungeon/dungeon'
2026-01-07 14:57:50 Dir 'dungeon' is ok (or case fixed).
2026-01-07 14:57:50 Autofixed Case: 'Asmodeus.md' -> 'asmodeus.md'
mv: cannot move './entità/demoni' to a subdirectory of itself, './entità/demoni/demoni'
2026-01-07 14:57:50 Dir 'demoni' is ok (or case fixed).
2026-01-07 14:57:51 Autofixed Case: 'Krystallo.md' -> 'krystallo.md'
2026-01-07 14:57:51 Renamed: 'Líthos.md' -> 'lithos.md'
2026-01-07 14:57:51 Renamed Dir: 'divinità' -> 'divinita'
2026-01-07 14:57:51 Renamed Dir: 'entità' -> 'entita'
2026-01-07 14:57:51 Renamed: 'epoca leggendaria.md' -> 'epoca-leggendaria.md'
2026-01-07 14:57:51 Renamed: 'epoca terza.md' -> 'epoca-terza.md'
mv: cannot move './epoche' to a subdirectory of itself, './epoche/epoche'
2026-01-07 14:57:51 Dir 'epoche' is ok (or case fixed).
2026-01-07 14:57:51 Renamed: 'La frattura.md' -> 'la-frattura.md'
2026-01-07 14:57:51 Renamed: 'la purga.md' -> 'la-purga.md'
mv: cannot move './eventi' to a subdirectory of itself, './eventi/eventi'
2026-01-07 14:57:51 Dir 'eventi' is ok (or case fixed).
2026-01-07 14:57:51 Autofixed Case: 'Skiblanir.md' -> 'skiblanir.md'
mv: cannot move './mezzi' to a subdirectory of itself, './mezzi/mezzi'
2026-01-07 14:57:51 Dir 'mezzi' is ok (or case fixed).
2026-01-07 14:57:51 Renamed: 'Attila Slayer (Guerriero Elfo, 100).md' -> 'attila-slayer-guerriero-elfo-100.md'
2026-01-07 14:57:52 Renamed: 'Dontavious (Ladro Mezzelfo, 25).md' -> 'dontavious-ladro-mezzelfo-25.md'
2026-01-07 14:57:52 Renamed: 'Morbiarum (Paladino Dragonide, 24).md' -> 'morbiarum-paladino-dragonide-24.md'
2026-01-07 14:57:52 Renamed: 'Kanye ovest.md' -> 'kanye-ovest.md'
2026-01-07 14:57:52 Autofixed Case: 'Ren.md' -> 'ren.md'
2026-01-07 14:57:52 Autofixed Case: 'Thraal.md' -> 'thraal.md'
mv: cannot move './Personaggi/Giocanti/pet' to a subdirectory of itself, './Personaggi/Giocanti/pet/pet'
2026-01-07 14:57:52 Dir 'pet' is ok (or case fixed).
2026-01-07 14:57:52 Renamed: 'Than (Warlock tiefling, 30).md' -> 'than-warlock-tiefling-30.md'
2026-01-07 14:57:52 Renamed: 'Vargas (Paladino Nano, 65).md' -> 'vargas-paladino-nano-65.md'
mv: cannot move './Personaggi/Giocanti' to a subdirectory of itself, './Personaggi/giocanti/Giocanti'
2026-01-07 14:57:52 Renamed Dir: 'Giocanti' -> 'giocanti'
2026-01-07 14:57:52 Renamed: 'la mano rossa.md' -> 'la-mano-rossa.md'
mv: cannot move './Personaggi/gruppi' to a subdirectory of itself, './Personaggi/gruppi/gruppi'
2026-01-07 14:57:52 Dir 'gruppi' is ok (or case fixed).
2026-01-07 14:57:52 Renamed: 'fratelli dei lupi.md' -> 'fratelli-dei-lupi.md'
2026-01-07 14:57:52 Renamed Dir: 'gruppi magici' -> 'gruppi-magici'
2026-01-07 14:57:53 File 'blob.md' is ok
2026-01-07 14:57:53 Renamed: 'Dark Kaia.md' -> 'dark-kaia.md'
2026-01-07 14:57:53 Autofixed Case: 'Fumero.md' -> 'fumero.md'
2026-01-07 14:57:53 File 'irving.md' is ok
2026-01-07 14:57:53 Autofixed Case: 'Kaia.md' -> 'kaia.md'
2026-01-07 14:57:53 File 'mussel.md' is ok
2026-01-07 14:57:53 Renamed: 'nonno Roshi.md' -> 'nonno-roshi.md'
2026-01-07 14:57:53 Renamed: 'perrin cauthon.md' -> 'perrin-cauthon.md'
2026-01-07 14:57:53 File 'perrin.jpg' is ok
2026-01-07 14:57:53 File 'viper.md' is ok
2026-01-07 14:57:53 Renamed Dir: 'Non Giocanti' -> 'non-giocanti'
2026-01-07 14:57:53 File 'artefici.md' is ok
2026-01-07 14:57:53 Renamed: 'gli asmodeici.md' -> 'gli-asmodeici.md'
2026-01-07 14:57:53 Renamed: 'la coalizione.md' -> 'la-coalizione.md'
mv: cannot move './Personaggi/organizzazioni' to a subdirectory of itself, './Personaggi/organizzazioni/organizzazioni'
2026-01-07 14:57:53 Dir 'organizzazioni' is ok (or case fixed).
mv: cannot move './Personaggi' to a subdirectory of itself, './personaggi/Personaggi'
2026-01-07 14:57:53 Renamed Dir: 'Personaggi' -> 'personaggi'
2026-01-07 14:57:54 Autofixed Case: 'README.md' -> 'readme.md'
2026-01-07 14:57:54 Renamed: 'macrosaga della chiave.md' -> 'macrosaga-della-chiave.md'
2026-01-07 14:57:54 Renamed: 'Saga di GemGrave.md' -> 'saga-di-gemgrave.md'
mv: cannot move './saghe' to a subdirectory of itself, './saghe/saghe'
2026-01-07 14:57:54 Dir 'saghe' is ok (or case fixed).
2026-01-07 14:57:54 File 'todo.md' is ok
2026-01-07 14:57:54 File 'atalantide.md' is ok
2026-01-07 14:57:54 File 'fandalmein.md' is ok
2026-01-07 14:57:54 Autofixed Case: 'Cristalgreiv.md' -> 'cristalgreiv.md'
2026-01-07 14:57:54 File 'fandanolend.md' is ok
2026-01-07 14:57:54 Autofixed Case: 'Nordavila.md' -> 'nordavila.md'
2026-01-07 14:57:54 Autofixed Case: 'Settentrionel.md' -> 'settentrionel.md'
mv: cannot move './universi/fandalmein/fandanolend' to a subdirectory of itself, './universi/fandalmein/fandanolend/fandanolend'
2026-01-07 14:57:54 Dir 'fandanolend' is ok (or case fixed).
2026-01-07 14:57:54 File 'fandasulend.md' is ok
2026-01-07 14:57:55 Autofixed Case: 'GemGreiv.md' -> 'gemgreiv.md'
2026-01-07 14:57:55 Autofixed Case: 'Meridionel.md' -> 'meridionel.md'
2026-01-07 14:57:55 Autofixed Case: 'Sudaria.md' -> 'sudaria.md'
mv: cannot move './universi/fandalmein/fandasulend' to a subdirectory of itself, './universi/fandalmein/fandasulend/fandasulend'
2026-01-07 14:57:55 Dir 'fandasulend' is ok (or case fixed).
mv: cannot move './universi/fandalmein' to a subdirectory of itself, './universi/fandalmein/fandalmein'
2026-01-07 14:57:55 Dir 'fandalmein' is ok (or case fixed).
2026-01-07 14:57:55 File 'atlantide.md' is ok
2026-01-07 14:57:55 Renamed: 'fossa delle marie.md' -> 'fossa-delle-marie.md'
2026-01-07 14:57:55 Autofixed Case: 'Phandalmain.jpg' -> 'phandalmain.jpg'
2026-01-07 14:57:55 File 'phandalmain.md' is ok
2026-01-07 14:57:55 Autofixed Case: 'Cristalgrave.md' -> 'cristalgrave.md'
2026-01-07 14:57:55 Autofixed Case: 'Nordavilla.md' -> 'nordavilla.md'
2026-01-07 14:57:55 File 'phandanoland.md' is ok
2026-01-07 14:57:55 Autofixed Case: 'Settentrionelle.md' -> 'settentrionelle.md'
mv: cannot move './universi/phandalmain/phandanoland' to a subdirectory of itself, './universi/phandalmain/phandanoland/phandanoland'
2026-01-07 14:57:55 Dir 'phandanoland' is ok (or case fixed).
2026-01-07 14:57:56 Autofixed Case: 'GemGrave.md' -> 'gemgrave.md'
2026-01-07 14:57:56 Autofixed Case: 'Meridionelle.md' -> 'meridionelle.md'
2026-01-07 14:57:56 File 'phandasuland.md' is ok
2026-01-07 14:57:56 Renamed: 'castello abbandonato sul dirupo vicino la citta.md' -> 'castello-abbandonato-sul-dirupo-vicino-la-citta.md'
2026-01-07 14:57:56 Renamed: 'castello abbandonato sul dirupo vicino la citta.png' -> 'castello-abbandonato-sul-dirupo-vicino-la-citta.png'
2026-01-07 14:57:56 Renamed: 'castello abbandonato sul dirupo vicino la citta.xcf' -> 'castello-abbandonato-sul-dirupo-vicino-la-citta.xcf'
2026-01-07 14:57:56 Autofixed Case: 'Suddaria.md' -> 'suddaria.md'
mv: cannot move './universi/phandalmain/phandasuland/suddaria' to a subdirectory of itself, './universi/phandalmain/phandasuland/suddaria/suddaria'
2026-01-07 14:57:56 Dir 'suddaria' is ok (or case fixed).
mv: cannot move './universi/phandalmain/phandasuland' to a subdirectory of itself, './universi/phandalmain/phandasuland/phandasuland'
2026-01-07 14:57:56 Dir 'phandasuland' is ok (or case fixed).
mv: cannot move './universi/phandalmain' to a subdirectory of itself, './universi/phandalmain/phandalmain'
2026-01-07 14:57:56 Dir 'phandalmain' is ok (or case fixed).
2026-01-07 14:57:56 Renamed: 'Tel'Aran'Rhiod.md' -> 'telaranrhiod.md'
mv: cannot move './universi' to a subdirectory of itself, './universi/universi'
2026-01-07 14:57:56 Dir 'universi' is ok (or case fixed).
2026-01-07 14:57:57 Map generated at /mnt/c/Users/RickyMandich/PROJECT/Phandalverse/test2/.normalize/map.json
2026-01-07 14:57:57 Generating flat map for link updates...
2026-01-07 14:57:57 Normalization Done. Content Link Update is pending (Complex with tree structure). Please verify filenames first.
