2026-01-07 21:51:51 Starting normalization process (Recursive Tree Mode)...
2026-01-07 21:51:51 Autofixed Case: 'Fyrbrand.md' -> 'fyrbrand.md'
2026-01-07 21:51:51 File 'il-portale.md' is ok
2026-01-07 21:51:51 File 'la-bussola.md' is ok
2026-01-07 21:51:51 File 'la-chiave.md' is ok
mv: cannot move './artefatti' to a subdirectory of itself, './artefatti/artefatti'
2026-01-07 21:51:51 Dir 'artefatti' is ok (or case fixed).
2026-01-07 21:51:51 File 'calendario.md' is ok
2026-01-07 21:51:51 File 'universo.md' is ok
2026-01-07 21:51:51 File 'villaggio.md' is ok
mv: cannot move './definizioni' to a subdirectory of itself, './definizioni/definizioni'
2026-01-07 21:51:51 Dir 'definizioni' is ok (or case fixed).
2026-01-07 21:51:51 File 'dungeon-con-fossato-1.ds' is ok
2026-01-07 21:51:52 File 'profondo-blu-dungeon-finale.ds' is ok
mv: cannot move './dungeon/dungeon-scrawl' to a subdirectory of itself, './dungeon/dungeon-scrawl/dungeon-scrawl'
2026-01-07 21:51:52 Dir 'dungeon-scrawl' is ok (or case fixed).
2026-01-07 21:51:52 File 'arena-allaperto.jpg' is ok
2026-01-07 21:51:52 File 'dungeon-con-fossato-1.png' is ok
2026-01-07 21:51:52 File 'profondo-blu-dungeon-finale.png' is ok
mv: cannot move './dungeon/immagini' to a subdirectory of itself, './dungeon/immagini/immagini'
2026-01-07 21:51:52 Dir 'immagini' is ok (or case fixed).
2026-01-07 21:51:52 File 'dungeon-goblin-boss-e-minion.json' is ok
mv: cannot move './dungeon/incontri-5e-tools-encounter-builder' to a subdirectory of itself, './dungeon/incontri-5e-tools-encounter-builder/incontri-5e-tools-encounter-builder'
2026-01-07 21:51:52 Dir 'incontri-5e-tools-encounter-builder' is ok (or case fixed).
mv: cannot move './dungeon' to a subdirectory of itself, './dungeon/dungeon'
2026-01-07 21:51:52 Dir 'dungeon' is ok (or case fixed).
2026-01-07 21:51:53 File 'asmodeus.md' is ok
mv: cannot move './entita/demoni' to a subdirectory of itself, './entita/demoni/demoni'
2026-01-07 21:51:53 Dir 'demoni' is ok (or case fixed).
2026-01-07 21:51:53 File 'krystallo.md' is ok
2026-01-07 21:51:53 File 'lithos.md' is ok
mv: cannot move './entita/divinita' to a subdirectory of itself, './entita/divinita/divinita'
2026-01-07 21:51:53 Dir 'divinita' is ok (or case fixed).
mv: cannot move './entita' to a subdirectory of itself, './entita/entita'
2026-01-07 21:51:53 Dir 'entita' is ok (or case fixed).
2026-01-07 21:51:53 File 'epoca-dargento.md' is ok
2026-01-07 21:51:53 File 'epoca-leggendaria.md' is ok
2026-01-07 21:51:53 File 'epoca-terza.md' is ok
mv: cannot move './epoche' to a subdirectory of itself, './epoche/epoche'
2026-01-07 21:51:53 Dir 'epoche' is ok (or case fixed).
2026-01-07 21:51:54 File 'la-frattura.md' is ok
2026-01-07 21:51:54 File 'la-purga.md' is ok
mv: cannot move './eventi' to a subdirectory of itself, './eventi/eventi'
2026-01-07 21:51:54 Dir 'eventi' is ok (or case fixed).
2026-01-07 21:51:54 Autofixed Case: 'Skiblanir.md' -> 'skiblanir.md'
mv: cannot move './mezzi' to a subdirectory of itself, './mezzi/mezzi'
2026-01-07 21:51:54 Dir 'mezzi' is ok (or case fixed).
2026-01-07 21:51:54 File 'attila-slayer-guerriero-elfo-100.md' is ok
2026-01-07 21:51:54 File 'dontavious-ladro-mezzelfo-25.md' is ok
2026-01-07 21:51:54 File 'morbiarum-paladino-dragonide-24.md' is ok
2026-01-07 21:51:54 File 'kanye-ovest.md' is ok
2026-01-07 21:51:55 Autofixed Case: 'Ren.md' -> 'ren.md'
2026-01-07 21:51:55 Autofixed Case: 'Thraal.md' -> 'thraal.md'
mv: cannot move './Personaggi/Giocanti/pet' to a subdirectory of itself, './Personaggi/Giocanti/pet/pet'
2026-01-07 21:51:55 Dir 'pet' is ok (or case fixed).
2026-01-07 21:51:55 File 'than-warlock-tiefling-30.md' is ok
2026-01-07 21:51:55 File 'vargas-paladino-nano-65.md' is ok
mv: cannot move './Personaggi/Giocanti' to a subdirectory of itself, './Personaggi/giocanti/Giocanti'
2026-01-07 21:51:55 Renamed Dir: 'Giocanti' -> 'giocanti'
2026-01-07 21:51:55 File 'la-mano-rossa.md' is ok
mv: cannot move './Personaggi/gruppi' to a subdirectory of itself, './Personaggi/gruppi/gruppi'
2026-01-07 21:51:55 Dir 'gruppi' is ok (or case fixed).
2026-01-07 21:51:56 File 'fratelli-dei-lupi.md' is ok
mv: cannot move './Personaggi/gruppi-magici' to a subdirectory of itself, './Personaggi/gruppi-magici/gruppi-magici'
2026-01-07 21:51:56 Dir 'gruppi-magici' is ok (or case fixed).
2026-01-07 21:51:56 File 'blob.md' is ok
2026-01-07 21:51:56 File 'dark-kaia.md' is ok
2026-01-07 21:51:56 File 'fumero.md' is ok
2026-01-07 21:51:56 File 'irving.md' is ok
2026-01-07 21:51:56 File 'kaia.md' is ok
2026-01-07 21:51:56 File 'mussel.md' is ok
2026-01-07 21:51:56 File 'nonno-roshi.md' is ok
2026-01-07 21:51:56 File 'perrin-cauthon.md' is ok
2026-01-07 21:51:56 File 'perrin.jpg' is ok
2026-01-07 21:51:56 File 'viper.md' is ok
mv: cannot move './Personaggi/non-giocanti' to a subdirectory of itself, './Personaggi/non-giocanti/non-giocanti'
2026-01-07 21:51:56 Dir 'non-giocanti' is ok (or case fixed).
2026-01-07 21:51:57 File 'artefici.md' is ok
2026-01-07 21:51:57 File 'gli-asmodeici.md' is ok
2026-01-07 21:51:57 File 'la-coalizione.md' is ok
mv: cannot move './Personaggi/organizzazioni' to a subdirectory of itself, './Personaggi/organizzazioni/organizzazioni'
2026-01-07 21:51:57 Dir 'organizzazioni' is ok (or case fixed).
mv: cannot move './Personaggi' to a subdirectory of itself, './personaggi/Personaggi'
2026-01-07 21:51:57 Renamed Dir: 'Personaggi' -> 'personaggi'
2026-01-07 21:51:57 File 'macrosaga-della-chiave.md' is ok
2026-01-07 21:51:57 File 'saga-di-gemgrave.md' is ok
mv: cannot move './saghe' to a subdirectory of itself, './saghe/saghe'
2026-01-07 21:51:57 Dir 'saghe' is ok (or case fixed).
2026-01-07 21:51:57 File 'atalantide.md' is ok
2026-01-07 21:51:57 File 'fandalmein.md' is ok
2026-01-07 21:51:58 Autofixed Case: 'Cristalgreiv.md' -> 'cristalgreiv.md'
2026-01-07 21:51:58 File 'fandanolend.md' is ok
2026-01-07 21:51:58 Autofixed Case: 'Nordavila.md' -> 'nordavila.md'
2026-01-07 21:51:58 Autofixed Case: 'Settentrionel.md' -> 'settentrionel.md'
mv: cannot move './universi/fandalmein/fandanolend' to a subdirectory of itself, './universi/fandalmein/fandanolend/fandanolend'
2026-01-07 21:51:58 Dir 'fandanolend' is ok (or case fixed).
2026-01-07 21:51:58 File 'fandasulend.md' is ok
2026-01-07 21:51:59 Autofixed Case: 'GemGreiv.md' -> 'gemgreiv.md'
2026-01-07 21:51:59 Autofixed Case: 'Meridionel.md' -> 'meridionel.md'
2026-01-07 21:51:59 Autofixed Case: 'Sudaria.md' -> 'sudaria.md'
mv: cannot move './universi/fandalmein/fandasulend' to a subdirectory of itself, './universi/fandalmein/fandasulend/fandasulend'
2026-01-07 21:51:59 Dir 'fandasulend' is ok (or case fixed).
mv: cannot move './universi/fandalmein' to a subdirectory of itself, './universi/fandalmein/fandalmein'
2026-01-07 21:51:59 Dir 'fandalmein' is ok (or case fixed).
2026-01-07 21:51:59 File 'atlantide.md' is ok
2026-01-07 21:51:59 File 'fossa-delle-marie.md' is ok
2026-01-07 21:52:00 Autofixed Case: 'Phandalmain.jpg' -> 'phandalmain.jpg'
2026-01-07 21:52:00 File 'phandalmain.md' is ok
2026-01-07 21:52:00 Autofixed Case: 'Cristalgrave.md' -> 'cristalgrave.md'
2026-01-07 21:52:00 Autofixed Case: 'Nordavilla.md' -> 'nordavilla.md'
2026-01-07 21:52:00 File 'phandanoland.md' is ok
2026-01-07 21:52:00 Autofixed Case: 'Settentrionelle.md' -> 'settentrionelle.md'
mv: cannot move './universi/phandalmain/phandanoland' to a subdirectory of itself, './universi/phandalmain/phandanoland/phandanoland'
2026-01-07 21:52:00 Dir 'phandanoland' is ok (or case fixed).
2026-01-07 21:52:01 Autofixed Case: 'GemGrave.md' -> 'gemgrave.md'
2026-01-07 21:52:01 Autofixed Case: 'Meridionelle.md' -> 'meridionelle.md'
2026-01-07 21:52:01 File 'phandasuland.md' is ok
2026-01-07 21:52:01 File 'castello-abbandonato-sul-dirupo-vicino-la-citta.md' is ok
2026-01-07 21:52:01 File 'castello-abbandonato-sul-dirupo-vicino-la-citta.png' is ok
2026-01-07 21:52:01 File 'castello-abbandonato-sul-dirupo-vicino-la-citta.xcf' is ok
2026-01-07 21:52:01 Autofixed Case: 'Suddaria.md' -> 'suddaria.md'
mv: cannot move './universi/phandalmain/phandasuland/suddaria' to a subdirectory of itself, './universi/phandalmain/phandasuland/suddaria/suddaria'
2026-01-07 21:52:01 Dir 'suddaria' is ok (or case fixed).
mv: cannot move './universi/phandalmain/phandasuland' to a subdirectory of itself, './universi/phandalmain/phandasuland/phandasuland'
2026-01-07 21:52:02 Dir 'phandasuland' is ok (or case fixed).
mv: cannot move './universi/phandalmain' to a subdirectory of itself, './universi/phandalmain/phandalmain'
2026-01-07 21:52:02 Dir 'phandalmain' is ok (or case fixed).
2026-01-07 21:52:02 File 'telaranrhiod.md' is ok
mv: cannot move './universi' to a subdirectory of itself, './universi/universi'
2026-01-07 21:52:02 Dir 'universi' is ok (or case fixed).
2026-01-07 21:52:02 Map generated at /mnt/c/Users/RickyMandich/PROJECT/Phandalverse/phandalverseVault/.normalize/map.json
2026-01-07 21:52:02 Generating flat map for link updates...
2026-01-07 21:52:02 Normalization Done. Content Link Update is pending (Complex with tree structure). Please verify filenames first.
