2026-01-20 18:28:53 Starting map.json update process (Read-Only Filesystem Mode)...
2026-01-20 18:28:53 Loaded existing map.json
2026-01-20 18:28:54 First pass: Scanning filesystem...
2026-01-20 18:28:54 New directory found: 'incantesimi' -> 'Incantesimi'
2026-01-20 18:28:55 New directory found: 'data' -> 'Data'
2026-01-20 18:28:57 New file found: 'dardo-incantato.md' -> 'Dardo Incantato'
2026-01-20 18:28:57 New file found: 'immagine-speculare.md' -> 'Immagine Speculare'
2026-01-20 18:28:57 New file found: 'invisibilita-superiore.md' -> 'Invisibilita Superiore'
2026-01-20 18:28:57 New file found: 'muro-di-forza.md' -> 'Muro Di Forza'
2026-01-20 18:28:57 New file found: 'onda-tonante.md' -> 'Onda Tonante'
2026-01-20 18:28:57 New file found: 'scudo-di-fuoco.md' -> 'Scudo Di Fuoco'
2026-01-20 18:28:57 New file found: 'trama-ipnotica.md' -> 'Trama Ipnotica'
2026-01-20 18:28:57 New file found: 'animare-morti.md' -> 'Animare Morti'
2026-01-20 18:28:57 New file found: 'barriera-ossea.md' -> 'Barriera Ossea'
2026-01-20 18:28:58 New file found: 'esoscheletro-transitorio.md' -> 'Esoscheletro Transitorio'
2026-01-20 18:28:58 New file found: 'lama-d'osso.md' -> 'Lama D'osso'
2026-01-20 18:28:58 New file found: 'peste-putrida.md' -> 'Peste Putrida'
2026-01-20 18:28:58 New file found: 'radar-osseo.md' -> 'Radar Osseo'
2026-01-20 18:28:58 New file found: 'sciame-di-parassiti.md' -> 'Sciame Di Parassiti'
2026-01-20 18:28:58 New file found: 'spine-ossee.md' -> 'Spine Ossee'
2026-01-20 18:28:58 New file found: 'tocco-del-vampiro-occultista.md' -> 'Tocco Del Vampiro Occultista'
2026-01-20 18:28:58 New file found: 'barriera-ossea.md' -> 'Barriera Ossea'
2026-01-20 18:28:58 New file found: 'corpse-explosion.md' -> 'Corpse Explosion'
2026-01-20 18:28:58 New file found: 'dardo-incantato.md' -> 'Dardo Incantato'
2026-01-20 18:28:58 New file found: 'esoscheletro-transitorio.md' -> 'Esoscheletro Transitorio'
2026-01-20 18:28:58 New file found: 'evoca-pioggia-di-armi.md' -> 'Evoca Pioggia Di Armi'
2026-01-20 18:28:58 New file found: 'folata-di-vento.md' -> 'Folata Di Vento'
2026-01-20 18:28:59 New file found: 'illusione-minore.md' -> 'Illusione Minore'
2026-01-20 18:28:59 New file found: 'immagine-speculare.md' -> 'Immagine Speculare'
2026-01-20 18:28:59 New file found: 'invisibilita-superiore.md' -> 'Invisibilita Superiore'
2026-01-20 18:28:59 New file found: 'lama-d'osso.md' -> 'Lama D'osso'
2026-01-20 18:28:59 New file found: 'muro-di-forza.md' -> 'Muro Di Forza'
2026-01-20 18:28:59 New file found: 'onda-tonante.md' -> 'Onda Tonante'
2026-01-20 18:28:59 New file found: 'passare-senza-tracce.md' -> 'Passare Senza Tracce'
2026-01-20 18:28:59 New file found: 'peste-putrida.md' -> 'Peste Putrida'
2026-01-20 18:28:59 New file found: 'radar-osseo.md' -> 'Radar Osseo'
2026-01-20 18:28:59 New file found: 'sciame-di-parassiti.md' -> 'Sciame Di Parassiti'
2026-01-20 18:28:59 New file found: 'scudo-di-fuoco.md' -> 'Scudo Di Fuoco'
2026-01-20 18:28:59 New file found: 'spine-ossee.md' -> 'Spine Ossee'
2026-01-20 18:28:59 New file found: 'tempesta-di-ghiaccio.md' -> 'Tempesta Di Ghiaccio'
2026-01-20 18:28:59 New file found: 'tempesta-di-nevischio.md' -> 'Tempesta Di Nevischio'
2026-01-20 18:28:59 New file found: 'tocco-del-vampiro-occultista.md' -> 'Tocco Del Vampiro Occultista'
2026-01-20 18:28:59 New file found: 'trama-ipnotica.md' -> 'Trama Ipnotica'
2026-01-20 18:29:06 Found 38 new file(s) and 2 new directory(ies)
2026-01-20 18:29:08 Opening editor for customization...
2026-01-20 18:29:29 Custom name set: 'incantesimi/artefice/onda-tonante.md' -> 'Onda Tonante'
2026-01-20 18:29:29 Custom name set: 'incantesimi/necromante/esoscheletro-transitorio.md' -> 'Esoscheletro Transitorio'
2026-01-20 18:29:29 Custom name set: 'incantesimi/necromante/spine-ossee.md' -> 'Spine Ossee'
2026-01-20 18:29:29 Custom name set: 'incantesimi/necromante/animare-morti.md' -> 'Animare Morti'
2026-01-20 18:29:29 Custom name set: 'incantesimi/tutti/evoca-pioggia-di-armi.md' -> 'Evoca Pioggia Di Armi'
2026-01-20 18:29:29 Custom name set: 'incantesimi/tutti/onda-tonante.md' -> 'Onda Tonante'
2026-01-20 18:29:29 Custom name set: 'incantesimi/tutti/esoscheletro-transitorio.md' -> 'Esoscheletro Transitorio'
xargs: unmatched single quote; by default quotes are special to xargs unless you use the -0 option
xargs: unmatched single quote; by default quotes are special to xargs unless you use the -0 option
/mnt/c/Users/RickyMandich/PROJECT/Phandalverse/phandalverseVault/bash/normalize.sh: line 323: CUSTOM_NAMES_MAP[$path]: bad array subscript
2026-01-20 18:29:29 Map updated at /mnt/c/Users/RickyMandich/PROJECT/Phandalverse/phandalverseVault/.normalize/map.json
2026-01-20 18:29:29 Map update complete. No files were renamed.
