2026-01-20 10:32:28 Starting map.json update process (Read-Only Filesystem Mode)...
2026-01-20 10:32:28 Loaded existing map.json
2026-01-20 10:32:30 New file found: 'attila-slayer-guerriero-elfo-100.md' -> 'Attila Slayer Guerriero Elfo 100'
2026-01-20 10:32:30 New file found: 'dontavious-ladro-mezzelfo-25.md' -> 'Dontavious Ladro Mezzelfo 25'
2026-01-20 10:32:30 New file found: 'morbiarum-paladino-dragonide-24.md' -> 'Morbiarum Paladino Dragonide 24'
2026-01-20 10:32:30 New file found: 'kanye-ovest.md' -> 'Kanye Ovest'
2026-01-20 10:32:30 New file found: 'ren.md' -> 'Ren'
2026-01-20 10:32:30 New file found: 'thraal.md' -> 'Thraal'
2026-01-20 10:32:30 New directory found: 'pet' -> 'Pet'
2026-01-20 10:32:30 New file found: 'than-warlock-tiefling-30.md' -> 'Than Warlock Tiefling 30'
2026-01-20 10:32:30 New file found: 'vargas-paladino-nano-65.md' -> 'Vargas Paladino Nano 65'
2026-01-20 10:32:30 New directory found: 'giocanti' -> 'Giocanti'
2026-01-20 10:32:30 New file found: 'i-purgatori.md' -> 'I Purgatori'
2026-01-20 10:32:30 New file found: 'la-mano-rossa.md' -> 'La Mano Rossa'
2026-01-20 10:32:30 New directory found: 'gruppi' -> 'Gruppi'
2026-01-20 10:32:30 New file found: 'fratelli-dei-lupi.md' -> 'Fratelli Dei Lupi'
2026-01-20 10:32:30 New directory found: 'gruppi-magici' -> 'Gruppi Magici'
2026-01-20 10:32:30 New file found: 'atos.md' -> 'Atos'
2026-01-20 10:32:30 New directory found: 'artefatti' -> 'Artefatti'
2026-01-20 10:32:30 New file found: 'fumero.md' -> 'Fumero'
2026-01-20 10:32:30 New directory found: 'background-pg' -> 'Background Pg'
2026-01-20 10:32:30 New file found: 'kaia.md' -> 'Kaia'
2026-01-20 10:32:30 New file found: 'perrin-cauthon.md' -> 'Perrin Cauthon'
2026-01-20 10:32:31 New directory found: 'gemgrave' -> 'Gemgrave'
2026-01-20 10:32:31 New file found: 'dark-kaia.md' -> 'Dark Kaia'
2026-01-20 10:32:31 New file found: 'giorgia-rossato.md' -> 'Giorgia Rossato'
2026-01-20 10:32:31 New file found: 'nonno-roshi.md' -> 'Nonno Roshi'
2026-01-20 10:32:31 New directory found: 'macrotrama' -> 'Macrotrama'
2026-01-20 10:32:31 New file found: 'blob.md' -> 'Blob'
2026-01-20 10:32:31 New file found: 'irving.md' -> 'Irving'
2026-01-20 10:32:31 New file found: 'mussel.md' -> 'Mussel'
2026-01-20 10:32:31 New file found: 'viper.md' -> 'Viper'
2026-01-20 10:32:31 New directory found: 'saga-di-merfolk' -> 'Saga Di Merfolk'
2026-01-20 10:32:31 New directory found: 'non-giocanti' -> 'Non Giocanti'
2026-01-20 10:32:31 New file found: 'artefici.md' -> 'Artefici'
2026-01-20 10:32:31 New file found: 'gli-asmodeici.md' -> 'Gli Asmodeici'
2026-01-20 10:32:31 New file found: 'la-coalizione.md' -> 'La Coalizione'
2026-01-20 10:32:31 New directory found: 'organizzazioni' -> 'Organizzazioni'
2026-01-20 10:32:31 New directory found: 'personaggi' -> 'Personaggi'
2026-01-20 10:32:32 Map updated at /mnt/c/Users/RickyMandich/PROJECT/Phandalverse/phandalverseVault/.normalize/map.json
2026-01-20 10:32:32 Map update complete. No files were renamed.
