2026-01-07 16:52:47 Starting normalization process (Recursive Tree Mode)...
2026-01-07 16:52:47 Autofixed Case: 'Fyrbrand.md' -> 'fyrbrand.md'
2026-01-07 16:52:47 File 'il-portale.md' is ok
2026-01-07 16:52:48 File 'la-bussola.md' is ok
2026-01-07 16:52:48 File 'la-chiave.md' is ok
mv: cannot move './artefatti' to a subdirectory of itself, './artefatti/artefatti'
2026-01-07 16:52:48 Dir 'artefatti' is ok (or case fixed).
2026-01-07 16:52:48 File 'calendario.md' is ok
2026-01-07 16:52:48 File 'universo.md' is ok
2026-01-07 16:52:48 File 'villaggio.md' is ok
mv: cannot move './definizioni' to a subdirectory of itself, './definizioni/definizioni'
2026-01-07 16:52:48 Dir 'definizioni' is ok (or case fixed).
2026-01-07 16:52:48 File 'dungeon-con-fossato-1.ds' is ok
2026-01-07 16:52:48 File 'profondo-blu-dungeon-finale.ds' is ok
mv: cannot move './dungeon/dungeon-scrawl' to a subdirectory of itself, './dungeon/dungeon-scrawl/dungeon-scrawl'
2026-01-07 16:52:48 Dir 'dungeon-scrawl' is ok (or case fixed).
2026-01-07 16:52:48 File 'arena-allaperto.jpg' is ok
2026-01-07 16:52:48 File 'dungeon-con-fossato-1.png' is ok
2026-01-07 16:52:48 File 'profondo-blu-dungeon-finale.png' is ok
mv: cannot move './dungeon/immagini' to a subdirectory of itself, './dungeon/immagini/immagini'
2026-01-07 16:52:48 Dir 'immagini' is ok (or case fixed).
2026-01-07 16:52:48 File 'dungeon-goblin-boss-e-minion.json' is ok
mv: cannot move './dungeon/incontri-5e-tools-encounter-builder' to a subdirectory of itself, './dungeon/incontri-5e-tools-encounter-builder/incontri-5e-tools-encounter-builder'
2026-01-07 16:52:48 Dir 'incontri-5e-tools-encounter-builder' is ok (or case fixed).
mv: cannot move './dungeon' to a subdirectory of itself, './dungeon/dungeon'
2026-01-07 16:52:48 Dir 'dungeon' is ok (or case fixed).
2026-01-07 16:52:48 File 'asmodeus.md' is ok
mv: cannot move './entita/demoni' to a subdirectory of itself, './entita/demoni/demoni'
2026-01-07 16:52:48 Dir 'demoni' is ok (or case fixed).
2026-01-07 16:52:48 File 'krystallo.md' is ok
2026-01-07 16:52:48 File 'lithos.md' is ok
mv: cannot move './entita/divinita' to a subdirectory of itself, './entita/divinita/divinita'
2026-01-07 16:52:48 Dir 'divinita' is ok (or case fixed).
mv: cannot move './entita' to a subdirectory of itself, './entita/entita'
2026-01-07 16:52:49 Dir 'entita' is ok (or case fixed).
2026-01-07 16:52:49 File 'epoca-dargento.md' is ok
2026-01-07 16:52:49 File 'epoca-leggendaria.md' is ok
2026-01-07 16:52:49 File 'epoca-terza.md' is ok
mv: cannot move './epoche' to a subdirectory of itself, './epoche/epoche'
2026-01-07 16:52:49 Dir 'epoche' is ok (or case fixed).
2026-01-07 16:52:49 File 'la-frattura.md' is ok
2026-01-07 16:52:49 File 'la-purga.md' is ok
mv: cannot move './eventi' to a subdirectory of itself, './eventi/eventi'
2026-01-07 16:52:49 Dir 'eventi' is ok (or case fixed).
2026-01-07 16:52:49 Autofixed Case: 'Skiblanir.md' -> 'skiblanir.md'
mv: cannot move './mezzi' to a subdirectory of itself, './mezzi/mezzi'
2026-01-07 16:52:49 Dir 'mezzi' is ok (or case fixed).
2026-01-07 16:52:49 File 'attila-slayer-guerriero-elfo-100.md' is ok
2026-01-07 16:52:49 File 'dontavious-ladro-mezzelfo-25.md' is ok
2026-01-07 16:52:49 File 'morbiarum-paladino-dragonide-24.md' is ok
2026-01-07 16:52:49 File 'kanye-ovest.md' is ok
2026-01-07 16:52:49 Autofixed Case: 'Ren.md' -> 'ren.md'
2026-01-07 16:52:49 Autofixed Case: 'Thraal.md' -> 'thraal.md'
mv: cannot move './personaggi/Giocanti/pet' to a subdirectory of itself, './personaggi/Giocanti/pet/pet'
2026-01-07 16:52:49 Dir 'pet' is ok (or case fixed).
2026-01-07 16:52:49 File 'than-warlock-tiefling-30.md' is ok
2026-01-07 16:52:49 File 'vargas-paladino-nano-65.md' is ok
mv: cannot move './personaggi/Giocanti' to a subdirectory of itself, './personaggi/giocanti/Giocanti'
2026-01-07 16:52:49 Renamed Dir: 'Giocanti' -> 'giocanti'
2026-01-07 16:52:49 File 'la-mano-rossa.md' is ok
mv: cannot move './personaggi/gruppi' to a subdirectory of itself, './personaggi/gruppi/gruppi'
2026-01-07 16:52:50 Dir 'gruppi' is ok (or case fixed).
2026-01-07 16:52:50 File 'fratelli-dei-lupi.md' is ok
mv: cannot move './personaggi/gruppi-magici' to a subdirectory of itself, './personaggi/gruppi-magici/gruppi-magici'
2026-01-07 16:52:50 Dir 'gruppi-magici' is ok (or case fixed).
2026-01-07 16:52:50 File 'blob.md' is ok
2026-01-07 16:52:50 File 'dark-kaia.md' is ok
2026-01-07 16:52:50 File 'fumero.md' is ok
2026-01-07 16:52:50 File 'irving.md' is ok
2026-01-07 16:52:50 File 'kaia.md' is ok
2026-01-07 16:52:50 File 'mussel.md' is ok
2026-01-07 16:52:50 File 'nonno-roshi.md' is ok
2026-01-07 16:52:50 File 'perrin-cauthon.md' is ok
2026-01-07 16:52:50 File 'perrin.jpg' is ok
2026-01-07 16:52:50 File 'viper.md' is ok
mv: cannot move './personaggi/non-giocanti' to a subdirectory of itself, './personaggi/non-giocanti/non-giocanti'
2026-01-07 16:52:50 Dir 'non-giocanti' is ok (or case fixed).
2026-01-07 16:52:50 File 'artefici.md' is ok
2026-01-07 16:52:50 File 'gli-asmodeici.md' is ok
2026-01-07 16:52:50 File 'la-coalizione.md' is ok
mv: cannot move './personaggi/organizzazioni' to a subdirectory of itself, './personaggi/organizzazioni/organizzazioni'
2026-01-07 16:52:50 Dir 'organizzazioni' is ok (or case fixed).
mv: cannot move './personaggi' to a subdirectory of itself, './personaggi/personaggi'
2026-01-07 16:52:50 Dir 'personaggi' is ok (or case fixed).
2026-01-07 16:52:50 Autofixed Case: 'README.md' -> 'readme.md'
2026-01-07 16:52:50 File 'macrosaga-della-chiave.md' is ok
2026-01-07 16:52:50 File 'saga-di-gemgrave.md' is ok
mv: cannot move './saghe' to a subdirectory of itself, './saghe/saghe'
2026-01-07 16:52:50 Dir 'saghe' is ok (or case fixed).
2026-01-07 16:52:50 File 'todo.md' is ok
2026-01-07 16:52:50 File 'atalantide.md' is ok
2026-01-07 16:52:50 File 'fandalmein.md' is ok
2026-01-07 16:52:51 Autofixed Case: 'Cristalgreiv.md' -> 'cristalgreiv.md'
2026-01-07 16:52:51 File 'fandanolend.md' is ok
2026-01-07 16:52:51 File 'nordavila.md' is ok
2026-01-07 16:52:51 Autofixed Case: 'Settentrionel.md' -> 'settentrionel.md'
mv: cannot move './universi/fandalmein/fandanolend' to a subdirectory of itself, './universi/fandalmein/fandanolend/fandanolend'
2026-01-07 16:52:51 Dir 'fandanolend' is ok (or case fixed).
2026-01-07 16:52:51 File 'fandasulend.md' is ok
2026-01-07 16:52:51 Autofixed Case: 'GemGreiv.md' -> 'gemgreiv.md'
2026-01-07 16:52:51 File 'meridionel.md' is ok
2026-01-07 16:52:51 Autofixed Case: 'Sudaria.md' -> 'sudaria.md'
mv: cannot move './universi/fandalmein/fandasulend' to a subdirectory of itself, './universi/fandalmein/fandasulend/fandasulend'
2026-01-07 16:52:51 Dir 'fandasulend' is ok (or case fixed).
mv: cannot move './universi/fandalmein' to a subdirectory of itself, './universi/fandalmein/fandalmein'
2026-01-07 16:52:51 Dir 'fandalmein' is ok (or case fixed).
2026-01-07 16:52:51 File 'atlantide.md' is ok
2026-01-07 16:52:51 File 'fossa-delle-marie.md' is ok
2026-01-07 16:52:51 File 'phandalmain.jpg' is ok
2026-01-07 16:52:51 File 'phandalmain.md' is ok
2026-01-07 16:52:51 Autofixed Case: 'Cristalgrave.md' -> 'cristalgrave.md'
2026-01-07 16:52:51 File 'nordavilla.md' is ok
2026-01-07 16:52:51 File 'phandanoland.md' is ok
2026-01-07 16:52:51 Autofixed Case: 'Settentrionelle.md' -> 'settentrionelle.md'
mv: cannot move './universi/phandalmain/phandanoland' to a subdirectory of itself, './universi/phandalmain/phandanoland/phandanoland'
2026-01-07 16:52:51 Dir 'phandanoland' is ok (or case fixed).
2026-01-07 16:52:51 Autofixed Case: 'GemGrave.md' -> 'gemgrave.md'
2026-01-07 16:52:52 File 'meridionelle.md' is ok
2026-01-07 16:52:52 File 'phandasuland.md' is ok
2026-01-07 16:52:52 File 'castello-abbandonato-sul-dirupo-vicino-la-citta.md' is ok
2026-01-07 16:52:52 File 'castello-abbandonato-sul-dirupo-vicino-la-citta.png' is ok
2026-01-07 16:52:52 File 'castello-abbandonato-sul-dirupo-vicino-la-citta.xcf' is ok
2026-01-07 16:52:52 Autofixed Case: 'Suddaria.md' -> 'suddaria.md'
mv: cannot move './universi/phandalmain/phandasuland/suddaria' to a subdirectory of itself, './universi/phandalmain/phandasuland/suddaria/suddaria'
2026-01-07 16:52:52 Dir 'suddaria' is ok (or case fixed).
mv: cannot move './universi/phandalmain/phandasuland' to a subdirectory of itself, './universi/phandalmain/phandasuland/phandasuland'
2026-01-07 16:52:52 Dir 'phandasuland' is ok (or case fixed).
mv: cannot move './universi/phandalmain' to a subdirectory of itself, './universi/phandalmain/phandalmain'
2026-01-07 16:52:52 Dir 'phandalmain' is ok (or case fixed).
2026-01-07 16:52:52 File 'telaranrhiod.md' is ok
mv: cannot move './universi' to a subdirectory of itself, './universi/universi'
2026-01-07 16:52:52 Dir 'universi' is ok (or case fixed).
2026-01-07 16:52:52 Map generated at /mnt/c/Users/RickyMandich/PROJECT/Phandalverse/PhandalverseVault/.normalize/map.json
2026-01-07 16:52:52 Generating flat map for link updates...
2026-01-07 16:52:52 Normalization Done. Content Link Update is pending (Complex with tree structure). Please verify filenames first.
