2026-01-20 19:31:21 Starting map.json update process (Read-Only Filesystem Mode)...
2026-01-20 19:31:21 Loaded existing map.json
2026-01-20 19:31:21 First pass: Scanning filesystem...
2026-01-20 19:31:25 New file found: 'pioggia-di-frammenti.md' -> 'Pioggia Di Frammenti'
2026-01-20 19:31:25 New file found: 'ricresita-scheletrica.md' -> 'Ricresita Scheletrica'
2026-01-20 19:31:26 New file found: 'pioggia-di-frammenti.md' -> 'Pioggia Di Frammenti'
2026-01-20 19:31:26 New file found: 'ricresita-scheletrica.md' -> 'Ricresita Scheletrica'
2026-01-20 19:31:34 Found 4 new file(s) and 0 new directory(ies)
2026-01-20 19:31:34 Opening editor for customization...
2026-01-20 19:31:56 Custom name set: 'incantesimi/necromante/ricresita-scheletrica.md' -> 'Ricresita Scheletrica'
2026-01-20 19:31:56 Custom name set: 'incantesimi/tutti/pioggia-di-frammenti.md' -> 'Pioggia Di Frammenti'
2026-01-20 19:31:56 Custom name set: 'incantesimi/necromante/pioggia-di-frammenti.md' -> 'Pioggia Di Frammenti'
2026-01-20 19:31:56 Custom name set: 'incantesimi/tutti/ricresita-scheletrica.md' -> 'Ricresita Scheletrica'
2026-01-20 19:31:56 Applying customized names...
2026-01-20 19:31:59 Second pass: Rebuilding map with custom names...
2026-01-20 19:32:03 Using custom name for 'pioggia-di-frammenti.md': 'Pioggia Di Frammenti'
2026-01-20 19:32:03 Using custom name for 'ricresita-scheletrica.md': 'Ricresita Scheletrica'
2026-01-20 19:32:04 Using custom name for 'pioggia-di-frammenti.md': 'Pioggia Di Frammenti'
2026-01-20 19:32:05 Using custom name for 'ricresita-scheletrica.md': 'Ricresita Scheletrica'
2026-01-20 19:32:12 Map updated at /mnt/c/Users/RickyMandich/PROJECT/Phandalverse/phandalverseVault/.normalize/map.json
2026-01-20 19:32:12 Map update complete. No files were renamed.
