2026-01-07 15:18:02 Starting normalization process (Recursive Tree Mode)...
2026-01-07 15:18:02 File 'fyrbrand.md' is ok
2026-01-07 15:18:02 File 'il-portale.md' is ok
2026-01-07 15:18:02 File 'la-bussola.md' is ok
2026-01-07 15:18:03 File 'la-chiave.md' is ok
mv: cannot move './artefatti' to a subdirectory of itself, './artefatti/artefatti'
2026-01-07 15:18:03 Dir 'artefatti' is ok (or case fixed).
2026-01-07 15:18:03 File 'calendario.md' is ok
2026-01-07 15:18:03 File 'universo.md' is ok
2026-01-07 15:18:03 File 'villaggio.md' is ok
mv: cannot move './definizioni' to a subdirectory of itself, './definizioni/definizioni'
2026-01-07 15:18:03 Dir 'definizioni' is ok (or case fixed).
2026-01-07 15:18:03 File 'dungeon-con-fossato-1.ds' is ok
2026-01-07 15:18:03 File 'profondo-blu-dungeon-finale.ds' is ok
mv: cannot move './dungeon/dungeon-scrawl' to a subdirectory of itself, './dungeon/dungeon-scrawl/dungeon-scrawl'
2026-01-07 15:18:03 Dir 'dungeon-scrawl' is ok (or case fixed).
2026-01-07 15:18:03 File 'arena-allaperto.jpg' is ok
2026-01-07 15:18:03 File 'dungeon-con-fossato-1.png' is ok
2026-01-07 15:18:03 File 'profondo-blu-dungeon-finale.png' is ok
mv: cannot move './dungeon/immagini' to a subdirectory of itself, './dungeon/immagini/immagini'
2026-01-07 15:18:03 Dir 'immagini' is ok (or case fixed).
2026-01-07 15:18:03 File 'dungeon-goblin-boss-e-minion.json' is ok
mv: cannot move './dungeon/incontri-5e-tools-encounter-builder' to a subdirectory of itself, './dungeon/incontri-5e-tools-encounter-builder/incontri-5e-tools-encounter-builder'
2026-01-07 15:18:03 Dir 'incontri-5e-tools-encounter-builder' is ok (or case fixed).
mv: cannot move './dungeon' to a subdirectory of itself, './dungeon/dungeon'
2026-01-07 15:18:03 Dir 'dungeon' is ok (or case fixed).
2026-01-07 15:18:03 File 'asmodeus.md' is ok
mv: cannot move './entita/demoni' to a subdirectory of itself, './entita/demoni/demoni'
2026-01-07 15:18:03 Dir 'demoni' is ok (or case fixed).
2026-01-07 15:18:03 File 'krystallo.md' is ok
2026-01-07 15:18:03 File 'lithos.md' is ok
mv: cannot move './entita/divinita' to a subdirectory of itself, './entita/divinita/divinita'
2026-01-07 15:18:03 Dir 'divinita' is ok (or case fixed).
mv: cannot move './entita' to a subdirectory of itself, './entita/entita'
2026-01-07 15:18:03 Dir 'entita' is ok (or case fixed).
2026-01-07 15:18:04 Renamed: 'epoca d'argento.md' -> 'epoca-dargento.md'
2026-01-07 15:18:04 File 'epoca-leggendaria.md' is ok
2026-01-07 15:18:04 File 'epoca-terza.md' is ok
mv: cannot move './epoche' to a subdirectory of itself, './epoche/epoche'
2026-01-07 15:18:04 Dir 'epoche' is ok (or case fixed).
2026-01-07 15:18:04 File 'la-frattura.md' is ok
2026-01-07 15:18:04 File 'la-purga.md' is ok
mv: cannot move './eventi' to a subdirectory of itself, './eventi/eventi'
2026-01-07 15:18:04 Dir 'eventi' is ok (or case fixed).
2026-01-07 15:18:04 File 'skiblanir.md' is ok
mv: cannot move './mezzi' to a subdirectory of itself, './mezzi/mezzi'
2026-01-07 15:18:04 Dir 'mezzi' is ok (or case fixed).
2026-01-07 15:18:04 File 'attila-slayer-guerriero-elfo-100.md' is ok
2026-01-07 15:18:04 File 'dontavious-ladro-mezzelfo-25.md' is ok
2026-01-07 15:18:04 File 'morbiarum-paladino-dragonide-24.md' is ok
2026-01-07 15:18:04 File 'kanye-ovest.md' is ok
2026-01-07 15:18:04 File 'ren.md' is ok
2026-01-07 15:18:04 File 'thraal.md' is ok
mv: cannot move './personaggi/giocanti/pet' to a subdirectory of itself, './personaggi/giocanti/pet/pet'
2026-01-07 15:18:04 Dir 'pet' is ok (or case fixed).
2026-01-07 15:18:04 File 'than-warlock-tiefling-30.md' is ok
2026-01-07 15:18:04 File 'vargas-paladino-nano-65.md' is ok
mv: cannot move './personaggi/giocanti' to a subdirectory of itself, './personaggi/giocanti/giocanti'
2026-01-07 15:18:04 Dir 'giocanti' is ok (or case fixed).
2026-01-07 15:18:04 File 'la-mano-rossa.md' is ok
mv: cannot move './personaggi/gruppi' to a subdirectory of itself, './personaggi/gruppi/gruppi'
2026-01-07 15:18:04 Dir 'gruppi' is ok (or case fixed).
2026-01-07 15:18:04 File 'fratelli-dei-lupi.md' is ok
mv: cannot move './personaggi/gruppi-magici' to a subdirectory of itself, './personaggi/gruppi-magici/gruppi-magici'
2026-01-07 15:18:04 Dir 'gruppi-magici' is ok (or case fixed).
2026-01-07 15:18:05 File 'blob.md' is ok
2026-01-07 15:18:05 File 'dark-kaia.md' is ok
2026-01-07 15:18:05 File 'fumero.md' is ok
2026-01-07 15:18:05 File 'irving.md' is ok
2026-01-07 15:18:05 File 'kaia.md' is ok
2026-01-07 15:18:05 File 'mussel.md' is ok
2026-01-07 15:18:05 File 'nonno-roshi.md' is ok
2026-01-07 15:18:05 File 'perrin-cauthon.md' is ok
2026-01-07 15:18:05 File 'perrin.jpg' is ok
2026-01-07 15:18:05 File 'viper.md' is ok
mv: cannot move './personaggi/non-giocanti' to a subdirectory of itself, './personaggi/non-giocanti/non-giocanti'
2026-01-07 15:18:05 Dir 'non-giocanti' is ok (or case fixed).
2026-01-07 15:18:05 File 'artefici.md' is ok
2026-01-07 15:18:05 File 'gli-asmodeici.md' is ok
2026-01-07 15:18:05 File 'la-coalizione.md' is ok
mv: cannot move './personaggi/organizzazioni' to a subdirectory of itself, './personaggi/organizzazioni/organizzazioni'
2026-01-07 15:18:05 Dir 'organizzazioni' is ok (or case fixed).
mv: cannot move './personaggi' to a subdirectory of itself, './personaggi/personaggi'
2026-01-07 15:18:05 Dir 'personaggi' is ok (or case fixed).
2026-01-07 15:18:05 File 'readme.md' is ok
2026-01-07 15:18:05 File 'macrosaga-della-chiave.md' is ok
2026-01-07 15:18:05 File 'saga-di-gemgrave.md' is ok
mv: cannot move './saghe' to a subdirectory of itself, './saghe/saghe'
2026-01-07 15:18:05 Dir 'saghe' is ok (or case fixed).
2026-01-07 15:18:05 File 'todo.md' is ok
2026-01-07 15:18:05 File 'atalantide.md' is ok
2026-01-07 15:18:05 File 'fandalmein.md' is ok
2026-01-07 15:18:05 File 'cristalgreiv.md' is ok
2026-01-07 15:18:05 File 'fandanolend.md' is ok
2026-01-07 15:18:05 File 'nordavila.md' is ok
2026-01-07 15:18:05 File 'settentrionel.md' is ok
mv: cannot move './universi/fandalmein/fandanolend' to a subdirectory of itself, './universi/fandalmein/fandanolend/fandanolend'
2026-01-07 15:18:05 Dir 'fandanolend' is ok (or case fixed).
2026-01-07 15:18:05 File 'fandasulend.md' is ok
2026-01-07 15:18:05 File 'gemgreiv.md' is ok
2026-01-07 15:18:05 File 'meridionel.md' is ok
2026-01-07 15:18:06 File 'sudaria.md' is ok
mv: cannot move './universi/fandalmein/fandasulend' to a subdirectory of itself, './universi/fandalmein/fandasulend/fandasulend'
2026-01-07 15:18:06 Dir 'fandasulend' is ok (or case fixed).
mv: cannot move './universi/fandalmein' to a subdirectory of itself, './universi/fandalmein/fandalmein'
2026-01-07 15:18:06 Dir 'fandalmein' is ok (or case fixed).
2026-01-07 15:18:06 File 'atlantide.md' is ok
2026-01-07 15:18:06 File 'fossa-delle-marie.md' is ok
2026-01-07 15:18:06 File 'phandalmain.jpg' is ok
2026-01-07 15:18:06 File 'phandalmain.md' is ok
2026-01-07 15:18:06 File 'cristalgrave.md' is ok
2026-01-07 15:18:06 File 'nordavilla.md' is ok
2026-01-07 15:18:06 File 'phandanoland.md' is ok
2026-01-07 15:18:06 File 'settentrionelle.md' is ok
mv: cannot move './universi/phandalmain/phandanoland' to a subdirectory of itself, './universi/phandalmain/phandanoland/phandanoland'
2026-01-07 15:18:06 Dir 'phandanoland' is ok (or case fixed).
2026-01-07 15:18:06 File 'gemgrave.md' is ok
2026-01-07 15:18:06 File 'meridionelle.md' is ok
2026-01-07 15:18:06 File 'phandasuland.md' is ok
2026-01-07 15:18:06 File 'castello-abbandonato-sul-dirupo-vicino-la-citta.md' is ok
2026-01-07 15:18:06 File 'castello-abbandonato-sul-dirupo-vicino-la-citta.png' is ok
2026-01-07 15:18:06 File 'castello-abbandonato-sul-dirupo-vicino-la-citta.xcf' is ok
2026-01-07 15:18:06 File 'suddaria.md' is ok
mv: cannot move './universi/phandalmain/phandasuland/suddaria' to a subdirectory of itself, './universi/phandalmain/phandasuland/suddaria/suddaria'
2026-01-07 15:18:06 Dir 'suddaria' is ok (or case fixed).
mv: cannot move './universi/phandalmain/phandasuland' to a subdirectory of itself, './universi/phandalmain/phandasuland/phandasuland'
2026-01-07 15:18:06 Dir 'phandasuland' is ok (or case fixed).
mv: cannot move './universi/phandalmain' to a subdirectory of itself, './universi/phandalmain/phandalmain'
2026-01-07 15:18:06 Dir 'phandalmain' is ok (or case fixed).
2026-01-07 15:18:06 File 'telaranrhiod.md' is ok
mv: cannot move './universi' to a subdirectory of itself, './universi/universi'
2026-01-07 15:18:06 Dir 'universi' is ok (or case fixed).
2026-01-07 15:18:07 Map generated at /mnt/c/Users/RickyMandich/PROJECT/Phandalverse/test2/.normalize/map.json
2026-01-07 15:18:07 Generating flat map for link updates...
2026-01-07 15:18:07 Normalization Done. Content Link Update is pending (Complex with tree structure). Please verify filenames first.
